<?xml version="1.0" encoding="UTF-8"?>
<testsuites name="demo suite" time="5.341" tests="1" failures="0" errors="0">
   <testsuite name="demo suite" tests="1" failures="0" errors="0" time="5.341" skipped="0" timestamp="2023-12-26 14:40:35" hostname="naray - Srimannarayana" id="Test Suites/demo suite">
      <properties>
         <property name="deviceName" value=""/>
         <property name="devicePlatform" value=""/>
         <property name="logFolder" value="C:\\Users\\naray\\git\\dummy\\Reports\\20231226_144030\\demo suite\\20231226_144031"/>
         <property name="logFiles" value="C:\\Users\\naray\\git\\dummy\\Reports\\20231226_144030\\demo suite\\20231226_144031\\execution0.log"/>
         <property name="attachments" value=""/>
         <property name="hostName" value="naray - Srimannarayana"/>
         <property name="os" value="Windows 11 64bit"/>
         <property name="katalonVersion" value="9.0.0.212"/>
         <property name="browser" value="Chrome 120.0.0.0"/>
         <property name="hostAddress" value="192.168.0.157"/>
         <property name="sessionId" value="ec00b920bfe635bba09b152f57430d3d"/>
         <property name="seleniumVersion" value="3.141.59"/>
         <property name="proxyInformation" value="ProxyInformation { proxyOption=NO_PROXY, proxyServerType=HTTP, username=, password=********, proxyServerAddress=, proxyServerPort=0, executionList=&quot;&quot;, isApplyToDesiredCapabilities=true }"/>
         <property name="platform" value="Windows 11"/>
      </properties>
      <testcase name="Test Cases/oramgeHrm1" time="5.175" classname="Test Cases/oramgeHrm1" status="PASSED">
         <system-out><![CDATA[2023-12-26 14:40:35 - [TEST_CASE][PASSED] - Test Cases/oramgeHrm1: Test Cases/oramgeHrm1

2023-12-26 14:40:35 - [TEST_STEP][PASSED] - Start listener action : enableSauceLabs: [SAUCELABS] Saucelabs Plugin will not attempt to auto update job status and information !

2023-12-26 14:40:35 - [MESSAGE][INFO] - [SAUCELABS] Current run configuration: Chrome

2023-12-26 14:40:35 - [MESSAGE][INFO] - [SAUCELABS] Saucelabs Plugin will not attempt to auto update job status and information !

2023-12-26 14:40:35 - [TEST_STEP][PASSED] - openBrowser(""): Browser is opened with url: ''

2023-12-26 14:40:35 - [MESSAGE][INFO] - Starting 'Chrome' driver

2023-12-26 14:40:35 - [MESSAGE][INFO] - Action delay is set to 0 milliseconds

2023-12-26 14:40:36 - [MESSAGE][PASSED] - Browser is opened with url: ''

2023-12-26 14:40:36 - [TEST_STEP][PASSED] - navigateToUrl("https://katalon-demo-cura.herokuapp.com/"): Navigate to 'https://katalon-demo-cura.herokuapp.com/' successfully

2023-12-26 14:40:39 - [MESSAGE][PASSED] - Navigate to 'https://katalon-demo-cura.herokuapp.com/' successfully

2023-12-26 14:40:39 - [TEST_STEP][PASSED] - click(findTestObject("Object Repository/katalonDemo/Page_CURA Healthcare Service/a_Make Appointment")): Object: 'Object Repository/katalonDemo/Page_CURA Healthcare Service/a_Make Appointment' is clicked on

2023-12-26 14:40:40 - [MESSAGE][PASSED] - Object: 'Object Repository/katalonDemo/Page_CURA Healthcare Service/a_Make Appointment' is clicked on

2023-12-26 14:40:40 - [TEST_STEP][PASSED] - closeBrowser(): Browser is closed

2023-12-26 14:40:40 - [MESSAGE][PASSED] - Browser is closed

2023-12-26 14:40:40 - [TEST_STEP][PASSED] - Start listener action : autoUpdateJobStatus: [SAUCELABS] Current run configuration: Chrome

2023-12-26 14:40:40 - [MESSAGE][INFO] - [SAUCELABS] Current run configuration: Chrome]]></system-out>
         <system-err><![CDATA[]]></system-err>
      </testcase>
      <system-out><![CDATA[2023-12-26 14:40:35 - [TEST_SUITE][PASSED] - demo suite: Test Cases/oramgeHrm1]]></system-out>
      <system-err><![CDATA[]]></system-err>
   </testsuite>
</testsuites>
